0 info it worked if it ends with ok
1 verbose cli [ '/usr/bin/nodejs', '/usr/bin/npm', 'run', 'app' ]
2 info using npm@3.5.2
3 info using node@v4.2.6
4 verbose run-script [ 'preapp', 'app', 'postapp' ]
5 info lifecycle MEAN@0.0.3~preapp: MEAN@0.0.3
6 silly lifecycle MEAN@0.0.3~preapp: no script for preapp, continuing
7 info lifecycle MEAN@0.0.3~app: MEAN@0.0.3
8 verbose lifecycle MEAN@0.0.3~app: unsafe-perm in lifecycle true
9 verbose lifecycle MEAN@0.0.3~app: PATH: /usr/share/npm/bin/node-gyp-bin:/home/gurnben/Projects/beestream/node_modules/.bin:/usr/share/npm/bin/node-gyp-bin:/home/gurnben/Projects/beestream/node_modules/.bin:/home/gurnben/anaconda3/bin:/home/gurnben/bin:/home/gurnben/.local/bin:/usr/local/sbin:/usr/local/bin:/usr/sbin:/usr/bin:/sbin:/bin:/usr/games:/usr/local/games:/snap/bin:/usr/lib/jvm/java-8-oracle/bin:/usr/lib/jvm/java-8-oracle/db/bin:/usr/lib/jvm/java-8-oracle/jre/bin
10 verbose lifecycle MEAN@0.0.3~app: CWD: /home/gurnben/Projects/beestream
11 silly lifecycle MEAN@0.0.3~app: Args: [ '-c', 'node server' ]
12 silly lifecycle MEAN@0.0.3~app: Returned: code: 1  signal: null
13 info lifecycle MEAN@0.0.3~app: Failed to exec app script
14 verbose stack Error: MEAN@0.0.3 app: `node server`
14 verbose stack Exit status 1
14 verbose stack     at EventEmitter.<anonymous> (/usr/share/npm/lib/utils/lifecycle.js:232:16)
14 verbose stack     at emitTwo (events.js:87:13)
14 verbose stack     at EventEmitter.emit (events.js:172:7)
14 verbose stack     at ChildProcess.<anonymous> (/usr/share/npm/lib/utils/spawn.js:24:14)
14 verbose stack     at emitTwo (events.js:87:13)
14 verbose stack     at ChildProcess.emit (events.js:172:7)
14 verbose stack     at maybeClose (internal/child_process.js:821:16)
14 verbose stack     at Process.ChildProcess._handle.onexit (internal/child_process.js:211:5)
15 verbose pkgid MEAN@0.0.3
16 verbose cwd /home/gurnben/Projects/beestream
17 error Linux 4.4.0-112-generic
18 error argv "/usr/bin/nodejs" "/usr/bin/npm" "run" "app"
19 error node v4.2.6
20 error npm  v3.5.2
21 error code ELIFECYCLE
22 error MEAN@0.0.3 app: `node server`
22 error Exit status 1
23 error Failed at the MEAN@0.0.3 app script 'node server'.
23 error Make sure you have the latest version of node.js and npm installed.
23 error If you do, this is most likely a problem with the MEAN package,
23 error not with npm itself.
23 error Tell the author that this fails on your system:
23 error     node server
23 error You can get information on how to open an issue for this project with:
23 error     npm bugs MEAN
23 error Or if that isn't available, you can get their info via:
23 error     npm owner ls MEAN
23 error There is likely additional logging output above.
24 verbose exit [ 1, true ]
